[ 2016-05-09T18:17:11+08:00 ] 127.0.0.1 /boke1/
INFO: [ app_init ] --START--
INFO: Run Behavior\BuildLiteBehavior [ RunTime:0.000000s ]
INFO: [ app_init ] --END-- [ RunTime:0.000000s ]
INFO: [ app_begin ] --START--
INFO: Run Behavior\ReadHtmlCacheBehavior [ RunTime:0.000000s ]
INFO: [ app_begin ] --END-- [ RunTime:0.000000s ]
INFO: [ view_parse ] --START--
INFO: [ template_filter ] --START--
INFO: Run Behavior\ContentReplaceBehavior [ RunTime:0.000000s ]
INFO: [ template_filter ] --END-- [ RunTime:0.000000s ]
INFO: Run Behavior\ParseTemplateBehavior [ RunTime:0.031250s ]
INFO: [ view_parse ] --END-- [ RunTime:0.031250s ]
INFO: [ view_filter ] --START--
INFO: Run Behavior\WriteHtmlCacheBehavior [ RunTime:0.000000s ]
INFO: [ view_filter ] --END-- [ RunTime:0.000000s ]
INFO: [ app_end ] --START--
INFO: Run Behavior\ShowPageTraceBehavior [ RunTime:0.000000s ]
INFO: [ app_end ] --END-- [ RunTime:0.000000s ]

[ 2016-05-09T18:17:45+08:00 ] 127.0.0.1 /boke1/
INFO: [ app_init ] --START--
INFO: Run Behavior\BuildLiteBehavior [ RunTime:0.000000s ]
INFO: [ app_init ] --END-- [ RunTime:0.000000s ]
INFO: [ app_begin ] --START--
INFO: Run Behavior\ReadHtmlCacheBehavior [ RunTime:0.000000s ]
INFO: [ app_begin ] --END-- [ RunTime:0.000000s ]
INFO: [ view_parse ] --START--
INFO: Run Behavior\ParseTemplateBehavior [ RunTime:0.000000s ]
INFO: [ view_parse ] --END-- [ RunTime:0.015625s ]
INFO: [ view_filter ] --START--
INFO: Run Behavior\WriteHtmlCacheBehavior [ RunTime:0.000000s ]
INFO: [ view_filter ] --END-- [ RunTime:0.000000s ]
INFO: [ app_end ] --START--
INFO: Run Behavior\ShowPageTraceBehavior [ RunTime:0.000000s ]
INFO: [ app_end ] --END-- [ RunTime:0.000000s ]
NOTIC: [8] Constant APP_PATH already defined E:\www\boke1\index.php 第 11 行.
NOTIC: [8] Constant MEMORY_LIMIT_ON already defined E:\www\boke1\ThinkPHP\ThinkPHP.php 第 19 行.
NOTIC: [8] Constant THINK_VERSION already defined E:\www\boke1\ThinkPHP\ThinkPHP.php 第 23 行.
NOTIC: [8] Constant URL_COMMON already defined E:\www\boke1\ThinkPHP\ThinkPHP.php 第 26 行.
NOTIC: [8] Constant URL_PATHINFO already defined E:\www\boke1\ThinkPHP\ThinkPHP.php 第 27 行.
NOTIC: [8] Constant URL_REWRITE already defined E:\www\boke1\ThinkPHP\ThinkPHP.php 第 28 行.
NOTIC: [8] Constant URL_COMPAT already defined E:\www\boke1\ThinkPHP\ThinkPHP.php 第 29 行.
NOTIC: [8] Constant EXT already defined E:\www\boke1\ThinkPHP\ThinkPHP.php 第 32 行.
NOTIC: [8] Constant MAGIC_QUOTES_GPC already defined E:\www\boke1\ThinkPHP\ThinkPHP.php 第 71 行.
NOTIC: [8] Constant IS_CGI already defined E:\www\boke1\ThinkPHP\ThinkPHP.php 第 73 行.
NOTIC: [8] Constant IS_WIN already defined E:\www\boke1\ThinkPHP\ThinkPHP.php 第 74 行.
NOTIC: [8] Constant IS_CLI already defined E:\www\boke1\ThinkPHP\ThinkPHP.php 第 75 行.

[ 2016-05-09T18:20:55+08:00 ] 127.0.0.1 /boke1/
INFO: [ app_init ] --START--
INFO: Run Behavior\BuildLiteBehavior [ RunTime:0.000000s ]
INFO: [ app_init ] --END-- [ RunTime:0.000000s ]
INFO: [ app_begin ] --START--
INFO: Run Behavior\ReadHtmlCacheBehavior [ RunTime:0.000000s ]
INFO: [ app_begin ] --END-- [ RunTime:0.000000s ]
INFO: [ view_parse ] --START--
INFO: Run Behavior\ParseTemplateBehavior [ RunTime:0.000000s ]
INFO: [ view_parse ] --END-- [ RunTime:0.000000s ]
INFO: [ view_filter ] --START--
INFO: Run Behavior\WriteHtmlCacheBehavior [ RunTime:0.000000s ]
INFO: [ view_filter ] --END-- [ RunTime:0.000000s ]
INFO: [ app_end ] --START--
INFO: Run Behavior\ShowPageTraceBehavior [ RunTime:0.000000s ]
INFO: [ app_end ] --END-- [ RunTime:0.000000s ]
NOTIC: [8] Constant APP_PATH already defined E:\www\boke1\index.php 第 11 行.
NOTIC: [8] Constant MEMORY_LIMIT_ON already defined E:\www\boke1\ThinkPHP\ThinkPHP.php 第 19 行.
NOTIC: [8] Constant THINK_VERSION already defined E:\www\boke1\ThinkPHP\ThinkPHP.php 第 23 行.
NOTIC: [8] Constant URL_COMMON already defined E:\www\boke1\ThinkPHP\ThinkPHP.php 第 26 行.
NOTIC: [8] Constant URL_PATHINFO already defined E:\www\boke1\ThinkPHP\ThinkPHP.php 第 27 行.
NOTIC: [8] Constant URL_REWRITE already defined E:\www\boke1\ThinkPHP\ThinkPHP.php 第 28 行.
NOTIC: [8] Constant URL_COMPAT already defined E:\www\boke1\ThinkPHP\ThinkPHP.php 第 29 行.
NOTIC: [8] Constant EXT already defined E:\www\boke1\ThinkPHP\ThinkPHP.php 第 32 行.
NOTIC: [8] Constant MAGIC_QUOTES_GPC already defined E:\www\boke1\ThinkPHP\ThinkPHP.php 第 71 行.
NOTIC: [8] Constant IS_CGI already defined E:\www\boke1\ThinkPHP\ThinkPHP.php 第 73 行.
NOTIC: [8] Constant IS_WIN already defined E:\www\boke1\ThinkPHP\ThinkPHP.php 第 74 行.
NOTIC: [8] Constant IS_CLI already defined E:\www\boke1\ThinkPHP\ThinkPHP.php 第 75 行.

[ 2016-05-09T18:20:58+08:00 ] 127.0.0.1 /boke1/
INFO: [ app_init ] --START--
INFO: Run Behavior\BuildLiteBehavior [ RunTime:0.000000s ]
INFO: [ app_init ] --END-- [ RunTime:0.000000s ]
INFO: [ app_begin ] --START--
INFO: Run Behavior\ReadHtmlCacheBehavior [ RunTime:0.000000s ]
INFO: [ app_begin ] --END-- [ RunTime:0.000000s ]
INFO: [ view_parse ] --START--
INFO: Run Behavior\ParseTemplateBehavior [ RunTime:0.000000s ]
INFO: [ view_parse ] --END-- [ RunTime:0.015625s ]
INFO: [ view_filter ] --START--
INFO: Run Behavior\WriteHtmlCacheBehavior [ RunTime:0.000000s ]
INFO: [ view_filter ] --END-- [ RunTime:0.000000s ]
INFO: [ app_end ] --START--
INFO: Run Behavior\ShowPageTraceBehavior [ RunTime:0.000000s ]
INFO: [ app_end ] --END-- [ RunTime:0.000000s ]
NOTIC: [8] Constant APP_PATH already defined E:\www\boke1\index.php 第 11 行.
NOTIC: [8] Constant MEMORY_LIMIT_ON already defined E:\www\boke1\ThinkPHP\ThinkPHP.php 第 19 行.
NOTIC: [8] Constant THINK_VERSION already defined E:\www\boke1\ThinkPHP\ThinkPHP.php 第 23 行.
NOTIC: [8] Constant URL_COMMON already defined E:\www\boke1\ThinkPHP\ThinkPHP.php 第 26 行.
NOTIC: [8] Constant URL_PATHINFO already defined E:\www\boke1\ThinkPHP\ThinkPHP.php 第 27 行.
NOTIC: [8] Constant URL_REWRITE already defined E:\www\boke1\ThinkPHP\ThinkPHP.php 第 28 行.
NOTIC: [8] Constant URL_COMPAT already defined E:\www\boke1\ThinkPHP\ThinkPHP.php 第 29 行.
NOTIC: [8] Constant EXT already defined E:\www\boke1\ThinkPHP\ThinkPHP.php 第 32 行.
NOTIC: [8] Constant MAGIC_QUOTES_GPC already defined E:\www\boke1\ThinkPHP\ThinkPHP.php 第 71 行.
NOTIC: [8] Constant IS_CGI already defined E:\www\boke1\ThinkPHP\ThinkPHP.php 第 73 行.
NOTIC: [8] Constant IS_WIN already defined E:\www\boke1\ThinkPHP\ThinkPHP.php 第 74 行.
NOTIC: [8] Constant IS_CLI already defined E:\www\boke1\ThinkPHP\ThinkPHP.php 第 75 行.

[ 2016-05-09T18:21:48+08:00 ] 127.0.0.1 /boke1/
INFO: [ app_init ] --START--
INFO: Run Behavior\BuildLiteBehavior [ RunTime:0.000000s ]
INFO: [ app_init ] --END-- [ RunTime:0.015625s ]
INFO: [ app_begin ] --START--
INFO: Run Behavior\ReadHtmlCacheBehavior [ RunTime:0.000000s ]
INFO: [ app_begin ] --END-- [ RunTime:0.000000s ]
INFO: [ view_parse ] --START--
INFO: Run Behavior\ParseTemplateBehavior [ RunTime:0.000000s ]
INFO: [ view_parse ] --END-- [ RunTime:0.000000s ]
INFO: [ view_filter ] --START--
INFO: Run Behavior\WriteHtmlCacheBehavior [ RunTime:0.015625s ]
INFO: [ view_filter ] --END-- [ RunTime:0.015625s ]
INFO: [ app_end ] --START--
INFO: Run Behavior\ShowPageTraceBehavior [ RunTime:0.000000s ]
INFO: [ app_end ] --END-- [ RunTime:0.000000s ]

[ 2016-05-09T18:31:42+08:00 ] 127.0.0.1 /boke1/index.php
INFO: [ app_init ] --START--
INFO: Run Behavior\BuildLiteBehavior [ RunTime:0.000000s ]
INFO: [ app_init ] --END-- [ RunTime:0.000000s ]
INFO: [ app_begin ] --START--
INFO: Run Behavior\ReadHtmlCacheBehavior [ RunTime:0.000000s ]
INFO: [ app_begin ] --END-- [ RunTime:0.000000s ]
INFO: [ view_parse ] --START--
INFO: Run Behavior\ParseTemplateBehavior [ RunTime:0.000000s ]
INFO: [ view_parse ] --END-- [ RunTime:0.000000s ]
INFO: [ view_filter ] --START--
INFO: Run Behavior\WriteHtmlCacheBehavior [ RunTime:0.000000s ]
INFO: [ view_filter ] --END-- [ RunTime:0.000000s ]
INFO: [ app_end ] --START--
INFO: Run Behavior\ShowPageTraceBehavior [ RunTime:0.000000s ]
INFO: [ app_end ] --END-- [ RunTime:0.000000s ]

