[ 2016-06-30T18:16:35+08:00 ] ::1 /getsql/
INFO: [ app_init ] --START--
INFO: Run Behavior\BuildLiteBehavior [ RunTime:0.000044s ]
INFO: [ app_init ] --END-- [ RunTime:0.000265s ]
INFO: [ app_begin ] --START--
INFO: Run Behavior\ReadHtmlCacheBehavior [ RunTime:0.001193s ]
INFO: [ app_begin ] --END-- [ RunTime:0.001407s ]
INFO: [ view_parse ] --START--
INFO: [ template_filter ] --START--
INFO: Run Behavior\ContentReplaceBehavior [ RunTime:0.000057s ]
INFO: [ template_filter ] --END-- [ RunTime:0.000166s ]
INFO: Run Behavior\ParseTemplateBehavior [ RunTime:0.007436s ]
INFO: [ view_parse ] --END-- [ RunTime:0.007586s ]
INFO: [ view_filter ] --START--
INFO: Run Behavior\WriteHtmlCacheBehavior [ RunTime:0.000488s ]
INFO: [ view_filter ] --END-- [ RunTime:0.000580s ]

[ 2016-06-30T18:16:44+08:00 ] ::1 /getsql/index.php/Home/Index/Index.html
INFO: [ app_init ] --START--
INFO: Run Behavior\BuildLiteBehavior [ RunTime:0.000020s ]
INFO: [ app_init ] --END-- [ RunTime:0.000118s ]
INFO: [ app_begin ] --START--
INFO: Run Behavior\ReadHtmlCacheBehavior [ RunTime:0.000519s ]
INFO: [ app_begin ] --END-- [ RunTime:0.000603s ]
SQL: SELECT * FROM `users` WHERE `username` = 'admin' AND `password` = 'abc123'  [ RunTime:0.0003s ]

[ 2016-06-30T18:16:45+08:00 ] ::1 /getsql/
INFO: [ app_init ] --START--
INFO: Run Behavior\BuildLiteBehavior [ RunTime:0.000022s ]
INFO: [ app_init ] --END-- [ RunTime:0.000123s ]
INFO: [ app_begin ] --START--
INFO: Run Behavior\ReadHtmlCacheBehavior [ RunTime:0.000657s ]
INFO: [ app_begin ] --END-- [ RunTime:0.000780s ]
SQL: SELECT * FROM `datatype`  [ RunTime:0.0002s ]
SQL: SELECT * FROM `apply`  [ RunTime:0.0002s ]
SQL: SELECT * FROM `table`  [ RunTime:0.0002s ]
SQL: SELECT * FROM `field` WHERE `table_id` = 1  [ RunTime:0.0210s ]
SQL: SELECT `data_name` FROM `datatype` WHERE `id` = 1 LIMIT 1   [ RunTime:0.0002s ]
SQL: SELECT `data_name` FROM `datatype` WHERE `id` = 6 LIMIT 1   [ RunTime:0.0002s ]
SQL: SELECT `data_name` FROM `datatype` WHERE `id` = 6 LIMIT 1   [ RunTime:0.0002s ]
SQL: SELECT `data_name` FROM `datatype` WHERE `id` = 6 LIMIT 1   [ RunTime:0.0002s ]
SQL: SELECT `data_name` FROM `datatype` WHERE `id` = 6 LIMIT 1   [ RunTime:0.0002s ]
SQL: SELECT `data_name` FROM `datatype` WHERE `id` = 8 LIMIT 1   [ RunTime:0.0002s ]
SQL: SELECT * FROM `field` WHERE `table_id` = 2  [ RunTime:0.0004s ]
SQL: SELECT `data_name` FROM `datatype` WHERE `id` = 1 LIMIT 1   [ RunTime:0.0002s ]
SQL: SELECT `data_name` FROM `datatype` WHERE `id` = 6 LIMIT 1   [ RunTime:0.0001s ]
SQL: SELECT `data_name` FROM `datatype` WHERE `id` = 6 LIMIT 1   [ RunTime:0.0001s ]
SQL: SELECT `data_name` FROM `datatype` WHERE `id` = 6 LIMIT 1   [ RunTime:0.0001s ]
SQL: SELECT `data_name` FROM `datatype` WHERE `id` = 6 LIMIT 1   [ RunTime:0.0001s ]
SQL: SELECT `data_name` FROM `datatype` WHERE `id` = 1 LIMIT 1   [ RunTime:0.0001s ]
SQL: SELECT `data_name` FROM `datatype` WHERE `id` = 6 LIMIT 1   [ RunTime:0.0001s ]
SQL: SELECT `data_name` FROM `datatype` WHERE `id` = 6 LIMIT 1   [ RunTime:0.0001s ]
SQL: SELECT `data_name` FROM `datatype` WHERE `id` = 5 LIMIT 1   [ RunTime:0.0001s ]
SQL: SELECT `data_name` FROM `datatype` WHERE `id` = 6 LIMIT 1   [ RunTime:0.0002s ]
SQL: SELECT `data_name` FROM `datatype` WHERE `id` = 1 LIMIT 1   [ RunTime:0.0001s ]
SQL: SELECT * FROM `field` WHERE `table_id` = 3  [ RunTime:0.0002s ]
SQL: SELECT `data_name` FROM `datatype` WHERE `id` = 1 LIMIT 1   [ RunTime:0.0001s ]
SQL: SELECT `data_name` FROM `datatype` WHERE `id` = 1 LIMIT 1   [ RunTime:0.0001s ]
SQL: SELECT `data_name` FROM `datatype` WHERE `id` = 10 LIMIT 1   [ RunTime:0.0001s ]
SQL: SELECT `data_name` FROM `datatype` WHERE `id` = 10 LIMIT 1   [ RunTime:0.0001s ]
SQL: SELECT `data_name` FROM `datatype` WHERE `id` = 1 LIMIT 1   [ RunTime:0.0001s ]
SQL: SELECT `data_name` FROM `datatype` WHERE `id` = 10 LIMIT 1   [ RunTime:0.0001s ]
SQL: SELECT * FROM `field` WHERE `table_id` = 4  [ RunTime:0.0002s ]
SQL: SELECT `data_name` FROM `datatype` WHERE `id` = 1 LIMIT 1   [ RunTime:0.0001s ]
SQL: SELECT `data_name` FROM `datatype` WHERE `id` = 10 LIMIT 1   [ RunTime:0.0001s ]
SQL: SELECT `data_name` FROM `datatype` WHERE `id` = 10 LIMIT 1   [ RunTime:0.0001s ]
SQL: SELECT `data_name` FROM `datatype` WHERE `id` = 1 LIMIT 1   [ RunTime:0.0001s ]
SQL: SELECT `data_name` FROM `datatype` WHERE `id` = 1 LIMIT 1   [ RunTime:0.0001s ]
SQL: SELECT `data_name` FROM `datatype` WHERE `id` = 19 LIMIT 1   [ RunTime:0.0001s ]
SQL: SELECT * FROM `field` WHERE `table_id` = 5  [ RunTime:0.0002s ]
SQL: SELECT `data_name` FROM `datatype` WHERE `id` = 1 LIMIT 1   [ RunTime:0.0002s ]
SQL: SELECT `data_name` FROM `datatype` WHERE `id` = 1 LIMIT 1   [ RunTime:0.0001s ]
SQL: SELECT `data_name` FROM `datatype` WHERE `id` = 10 LIMIT 1   [ RunTime:0.0001s ]
INFO: [ view_parse ] --START--
INFO: [ template_filter ] --START--
INFO: Run Behavior\ContentReplaceBehavior [ RunTime:0.000212s ]
INFO: [ template_filter ] --END-- [ RunTime:0.000332s ]
INFO: Run Behavior\ParseTemplateBehavior [ RunTime:0.019859s ]
INFO: [ view_parse ] --END-- [ RunTime:0.019963s ]
INFO: [ view_filter ] --START--
INFO: Run Behavior\WriteHtmlCacheBehavior [ RunTime:0.000412s ]
INFO: [ view_filter ] --END-- [ RunTime:0.000499s ]
INFO: [ app_end ] --START--
INFO: Run Behavior\ShowPageTraceBehavior [ RunTime:0.000743s ]
INFO: [ app_end ] --END-- [ RunTime:0.000901s ]

[ 2016-06-30T18:18:14+08:00 ] ::1 /getsql/index.php/Home/Index/tuichu.html
INFO: [ app_init ] --START--
INFO: Run Behavior\BuildLiteBehavior [ RunTime:0.000021s ]
INFO: [ app_init ] --END-- [ RunTime:0.000124s ]
INFO: [ app_begin ] --START--
INFO: Run Behavior\ReadHtmlCacheBehavior [ RunTime:0.000587s ]
INFO: [ app_begin ] --END-- [ RunTime:0.000689s ]
NOTIC: [8] A session had already been started - ignoring session_start() D:\wamp\www\getsql\application\Home\Controller\IndexController.class.php 第 31 行.

[ 2016-06-30T18:18:14+08:00 ] ::1 /getsql/index.php/Home/Index/index.html
INFO: [ app_init ] --START--
INFO: Run Behavior\BuildLiteBehavior [ RunTime:0.000021s ]
INFO: [ app_init ] --END-- [ RunTime:0.000123s ]
INFO: [ app_begin ] --START--
INFO: Run Behavior\ReadHtmlCacheBehavior [ RunTime:0.000512s ]
INFO: [ app_begin ] --END-- [ RunTime:0.000613s ]
INFO: [ view_parse ] --START--
INFO: [ template_filter ] --START--
INFO: Run Behavior\ContentReplaceBehavior [ RunTime:0.000059s ]
INFO: [ template_filter ] --END-- [ RunTime:0.000159s ]
INFO: Run Behavior\ParseTemplateBehavior [ RunTime:0.005439s ]
INFO: [ view_parse ] --END-- [ RunTime:0.005539s ]
INFO: [ view_filter ] --START--
INFO: Run Behavior\WriteHtmlCacheBehavior [ RunTime:0.000380s ]
INFO: [ view_filter ] --END-- [ RunTime:0.000473s ]

[ 2016-06-30T18:18:15+08:00 ] ::1 /getsql/index.php/Home/Index/index.html
INFO: [ app_init ] --START--
INFO: Run Behavior\BuildLiteBehavior [ RunTime:0.000058s ]
INFO: [ app_init ] --END-- [ RunTime:0.000345s ]
INFO: [ app_begin ] --START--
INFO: Run Behavior\ReadHtmlCacheBehavior [ RunTime:0.001479s ]
INFO: [ app_begin ] --END-- [ RunTime:0.001674s ]
INFO: [ view_parse ] --START--
INFO: [ template_filter ] --START--
INFO: Run Behavior\ContentReplaceBehavior [ RunTime:0.000067s ]
INFO: [ template_filter ] --END-- [ RunTime:0.000191s ]
INFO: Run Behavior\ParseTemplateBehavior [ RunTime:0.006480s ]
INFO: [ view_parse ] --END-- [ RunTime:0.006597s ]
INFO: [ view_filter ] --START--
INFO: Run Behavior\WriteHtmlCacheBehavior [ RunTime:0.000418s ]
INFO: [ view_filter ] --END-- [ RunTime:0.000527s ]

[ 2016-06-30T18:18:16+08:00 ] ::1 /getsql/index.php/Home/Index/index.html
INFO: [ app_init ] --START--
INFO: Run Behavior\BuildLiteBehavior [ RunTime:0.000048s ]
INFO: [ app_init ] --END-- [ RunTime:0.000290s ]
INFO: [ app_begin ] --START--
INFO: Run Behavior\ReadHtmlCacheBehavior [ RunTime:0.001329s ]
INFO: [ app_begin ] --END-- [ RunTime:0.001646s ]
INFO: [ view_parse ] --START--
INFO: [ template_filter ] --START--
INFO: Run Behavior\ContentReplaceBehavior [ RunTime:0.000066s ]
INFO: [ template_filter ] --END-- [ RunTime:0.000185s ]
INFO: Run Behavior\ParseTemplateBehavior [ RunTime:0.010467s ]
INFO: [ view_parse ] --END-- [ RunTime:0.010646s ]
INFO: [ view_filter ] --START--
INFO: Run Behavior\WriteHtmlCacheBehavior [ RunTime:0.000545s ]
INFO: [ view_filter ] --END-- [ RunTime:0.000687s ]

[ 2016-06-30T18:18:16+08:00 ] ::1 /getsql/index.php/Home/Index/index.html
INFO: [ app_init ] --START--
INFO: Run Behavior\BuildLiteBehavior [ RunTime:0.000029s ]
INFO: [ app_init ] --END-- [ RunTime:0.000168s ]
INFO: [ app_begin ] --START--
INFO: Run Behavior\ReadHtmlCacheBehavior [ RunTime:0.000751s ]
INFO: [ app_begin ] --END-- [ RunTime:0.000919s ]
INFO: [ view_parse ] --START--
INFO: [ template_filter ] --START--
INFO: Run Behavior\ContentReplaceBehavior [ RunTime:0.000078s ]
INFO: [ template_filter ] --END-- [ RunTime:0.000222s ]
INFO: Run Behavior\ParseTemplateBehavior [ RunTime:0.007660s ]
INFO: [ view_parse ] --END-- [ RunTime:0.007870s ]
INFO: [ view_filter ] --START--
INFO: Run Behavior\WriteHtmlCacheBehavior [ RunTime:0.000541s ]
INFO: [ view_filter ] --END-- [ RunTime:0.000675s ]

[ 2016-06-30T18:18:16+08:00 ] ::1 /getsql/index.php/Home/Index/index.html
INFO: [ app_init ] --START--
INFO: Run Behavior\BuildLiteBehavior [ RunTime:0.000048s ]
INFO: [ app_init ] --END-- [ RunTime:0.000289s ]
INFO: [ app_begin ] --START--
INFO: Run Behavior\ReadHtmlCacheBehavior [ RunTime:0.001257s ]
INFO: [ app_begin ] --END-- [ RunTime:0.001502s ]
INFO: [ view_parse ] --START--
INFO: [ template_filter ] --START--
INFO: Run Behavior\ContentReplaceBehavior [ RunTime:0.000066s ]
INFO: [ template_filter ] --END-- [ RunTime:0.000184s ]
INFO: Run Behavior\ParseTemplateBehavior [ RunTime:0.007057s ]
INFO: [ view_parse ] --END-- [ RunTime:0.007294s ]
INFO: [ view_filter ] --START--
INFO: Run Behavior\WriteHtmlCacheBehavior [ RunTime:0.000423s ]
INFO: [ view_filter ] --END-- [ RunTime:0.000531s ]

[ 2016-06-30T18:18:16+08:00 ] ::1 /getsql/index.php/Home/Index/index.html
INFO: [ app_init ] --START--
INFO: Run Behavior\BuildLiteBehavior [ RunTime:0.000025s ]
INFO: [ app_init ] --END-- [ RunTime:0.000185s ]
INFO: [ app_begin ] --START--
INFO: Run Behavior\ReadHtmlCacheBehavior [ RunTime:0.000643s ]
INFO: [ app_begin ] --END-- [ RunTime:0.000759s ]
INFO: [ view_parse ] --START--
INFO: [ template_filter ] --START--
INFO: Run Behavior\ContentReplaceBehavior [ RunTime:0.000061s ]
INFO: [ template_filter ] --END-- [ RunTime:0.000168s ]
INFO: Run Behavior\ParseTemplateBehavior [ RunTime:0.006008s ]
INFO: [ view_parse ] --END-- [ RunTime:0.006114s ]
INFO: [ view_filter ] --START--
INFO: Run Behavior\WriteHtmlCacheBehavior [ RunTime:0.000483s ]
INFO: [ view_filter ] --END-- [ RunTime:0.000585s ]

[ 2016-06-30T18:18:17+08:00 ] ::1 /getsql/index.php/Home/Index/index.html
INFO: [ app_init ] --START--
INFO: Run Behavior\BuildLiteBehavior [ RunTime:0.000028s ]
INFO: [ app_init ] --END-- [ RunTime:0.000165s ]
INFO: [ app_begin ] --START--
INFO: Run Behavior\ReadHtmlCacheBehavior [ RunTime:0.000801s ]
INFO: [ app_begin ] --END-- [ RunTime:0.000940s ]
INFO: [ view_parse ] --START--
INFO: [ template_filter ] --START--
INFO: Run Behavior\ContentReplaceBehavior [ RunTime:0.000077s ]
INFO: [ template_filter ] --END-- [ RunTime:0.000224s ]
INFO: Run Behavior\ParseTemplateBehavior [ RunTime:0.007684s ]
INFO: [ view_parse ] --END-- [ RunTime:0.007829s ]
INFO: [ view_filter ] --START--
INFO: Run Behavior\WriteHtmlCacheBehavior [ RunTime:0.000581s ]
INFO: [ view_filter ] --END-- [ RunTime:0.000710s ]

[ 2016-06-30T18:18:17+08:00 ] ::1 /getsql/index.php/Home/Index/index.html
INFO: [ app_init ] --START--
INFO: Run Behavior\BuildLiteBehavior [ RunTime:0.000049s ]
INFO: [ app_init ] --END-- [ RunTime:0.000292s ]
INFO: [ app_begin ] --START--
INFO: Run Behavior\ReadHtmlCacheBehavior [ RunTime:0.001316s ]
INFO: [ app_begin ] --END-- [ RunTime:0.001561s ]
INFO: [ view_parse ] --START--
INFO: [ template_filter ] --START--
INFO: Run Behavior\ContentReplaceBehavior [ RunTime:0.000069s ]
INFO: [ template_filter ] --END-- [ RunTime:0.000198s ]
INFO: Run Behavior\ParseTemplateBehavior [ RunTime:0.007679s ]
INFO: [ view_parse ] --END-- [ RunTime:0.007860s ]
INFO: [ view_filter ] --START--
INFO: Run Behavior\WriteHtmlCacheBehavior [ RunTime:0.000524s ]
INFO: [ view_filter ] --END-- [ RunTime:0.000641s ]

[ 2016-06-30T18:18:17+08:00 ] ::1 /getsql/index.php/Home/Index/index.html
INFO: [ app_init ] --START--
INFO: Run Behavior\BuildLiteBehavior [ RunTime:0.000037s ]
INFO: [ app_init ] --END-- [ RunTime:0.000230s ]
INFO: [ app_begin ] --START--
INFO: Run Behavior\ReadHtmlCacheBehavior [ RunTime:0.001013s ]
INFO: [ app_begin ] --END-- [ RunTime:0.001208s ]
INFO: [ view_parse ] --START--
INFO: [ template_filter ] --START--
INFO: Run Behavior\ContentReplaceBehavior [ RunTime:0.000106s ]
INFO: [ template_filter ] --END-- [ RunTime:0.000294s ]
INFO: Run Behavior\ParseTemplateBehavior [ RunTime:0.010419s ]
INFO: [ view_parse ] --END-- [ RunTime:0.010606s ]
INFO: [ view_filter ] --START--
INFO: Run Behavior\WriteHtmlCacheBehavior [ RunTime:0.000805s ]
INFO: [ view_filter ] --END-- [ RunTime:0.000981s ]

[ 2016-06-30T18:18:17+08:00 ] ::1 /getsql/index.php/Home/Index/index.html
INFO: [ app_init ] --START--
INFO: Run Behavior\BuildLiteBehavior [ RunTime:0.000063s ]
INFO: [ app_init ] --END-- [ RunTime:0.000353s ]
INFO: [ app_begin ] --START--
INFO: Run Behavior\ReadHtmlCacheBehavior [ RunTime:0.001528s ]
INFO: [ app_begin ] --END-- [ RunTime:0.001816s ]
INFO: [ view_parse ] --START--
INFO: [ template_filter ] --START--
INFO: Run Behavior\ContentReplaceBehavior [ RunTime:0.000072s ]
INFO: [ template_filter ] --END-- [ RunTime:0.000209s ]
INFO: Run Behavior\ParseTemplateBehavior [ RunTime:0.007212s ]
INFO: [ view_parse ] --END-- [ RunTime:0.007338s ]
INFO: [ view_filter ] --START--
INFO: Run Behavior\WriteHtmlCacheBehavior [ RunTime:0.000533s ]
INFO: [ view_filter ] --END-- [ RunTime:0.000653s ]

