[ 2016-06-27T19:29:51+08:00 ] 127.0.0.1 /getsql/
INFO: [ app_init ] --START--
INFO: Run Behavior\BuildLiteBehavior [ RunTime:0.000000s ]
INFO: [ app_init ] --END-- [ RunTime:0.000000s ]
INFO: [ app_begin ] --START--
INFO: Run Behavior\ReadHtmlCacheBehavior [ RunTime:0.000000s ]
INFO: [ app_begin ] --END-- [ RunTime:0.000000s ]
ERR: SQLSTATE[HY000] [1045] Access denied for user 'root'@'localhost' (using password: NO)

[ 2016-06-27T19:31:04+08:00 ] 127.0.0.1 /getsql/
INFO: [ app_init ] --START--
INFO: Run Behavior\BuildLiteBehavior [ RunTime:0.000000s ]
INFO: [ app_init ] --END-- [ RunTime:0.000000s ]
INFO: [ app_begin ] --START--
INFO: Run Behavior\ReadHtmlCacheBehavior [ RunTime:0.000000s ]
INFO: [ app_begin ] --END-- [ RunTime:0.000000s ]
ERR: SQLSTATE[HY000] [1045] Access denied for user 'root'@'localhost' (using password: NO)

[ 2016-06-27T19:31:57+08:00 ] 127.0.0.1 /getsql/
INFO: [ app_init ] --START--
INFO: Run Behavior\BuildLiteBehavior [ RunTime:0.000000s ]
INFO: [ app_init ] --END-- [ RunTime:0.000000s ]
INFO: [ app_begin ] --START--
INFO: Run Behavior\ReadHtmlCacheBehavior [ RunTime:0.000000s ]
INFO: [ app_begin ] --END-- [ RunTime:0.000000s ]
ERR: SQLSTATE[HY000] [1045] Access denied for user 'root'@'localhost' (using password: NO)

[ 2016-06-27T19:31:58+08:00 ] 127.0.0.1 /getsql/
INFO: [ app_init ] --START--
INFO: Run Behavior\BuildLiteBehavior [ RunTime:0.000000s ]
INFO: [ app_init ] --END-- [ RunTime:0.000000s ]
INFO: [ app_begin ] --START--
INFO: Run Behavior\ReadHtmlCacheBehavior [ RunTime:0.000000s ]
INFO: [ app_begin ] --END-- [ RunTime:0.000000s ]
ERR: SQLSTATE[HY000] [1045] Access denied for user 'root'@'localhost' (using password: NO)

[ 2016-06-27T19:31:59+08:00 ] 127.0.0.1 /getsql/
INFO: [ app_init ] --START--
INFO: Run Behavior\BuildLiteBehavior [ RunTime:0.000000s ]
INFO: [ app_init ] --END-- [ RunTime:0.000000s ]
INFO: [ app_begin ] --START--
INFO: Run Behavior\ReadHtmlCacheBehavior [ RunTime:0.000000s ]
INFO: [ app_begin ] --END-- [ RunTime:0.000000s ]
ERR: SQLSTATE[HY000] [1045] Access denied for user 'root'@'localhost' (using password: NO)

[ 2016-06-27T19:31:59+08:00 ] 127.0.0.1 /getsql/
INFO: [ app_init ] --START--
INFO: Run Behavior\BuildLiteBehavior [ RunTime:0.000000s ]
INFO: [ app_init ] --END-- [ RunTime:0.000000s ]
INFO: [ app_begin ] --START--
INFO: Run Behavior\ReadHtmlCacheBehavior [ RunTime:0.000000s ]
INFO: [ app_begin ] --END-- [ RunTime:0.000000s ]
ERR: SQLSTATE[HY000] [1045] Access denied for user 'root'@'localhost' (using password: NO)

[ 2016-06-27T19:32:00+08:00 ] 127.0.0.1 /getsql/
INFO: [ app_init ] --START--
INFO: Run Behavior\BuildLiteBehavior [ RunTime:0.000000s ]
INFO: [ app_init ] --END-- [ RunTime:0.000000s ]
INFO: [ app_begin ] --START--
INFO: Run Behavior\ReadHtmlCacheBehavior [ RunTime:0.000000s ]
INFO: [ app_begin ] --END-- [ RunTime:0.000000s ]
ERR: SQLSTATE[HY000] [1045] Access denied for user 'root'@'localhost' (using password: NO)

[ 2016-06-27T19:32:12+08:00 ] 127.0.0.1 /getsql/
INFO: [ app_init ] --START--
INFO: Run Behavior\BuildLiteBehavior [ RunTime:0.000000s ]
INFO: [ app_init ] --END-- [ RunTime:0.000000s ]
INFO: [ app_begin ] --START--
INFO: Run Behavior\ReadHtmlCacheBehavior [ RunTime:0.000000s ]
INFO: [ app_begin ] --END-- [ RunTime:0.000000s ]
ERR: SQLSTATE[HY000] [1045] Access denied for user 'root'@'localhost' (using password: NO)

[ 2016-06-27T19:32:50+08:00 ] 127.0.0.1 /getsql/
INFO: [ app_init ] --START--
INFO: Run Behavior\BuildLiteBehavior [ RunTime:0.000000s ]
INFO: [ app_init ] --END-- [ RunTime:0.000000s ]
INFO: [ app_begin ] --START--
INFO: Run Behavior\ReadHtmlCacheBehavior [ RunTime:0.000000s ]
INFO: [ app_begin ] --END-- [ RunTime:0.000000s ]
ERR: SQLSTATE[HY000] [1045] Access denied for user 'root'@'localhost' (using password: NO)

[ 2016-06-27T19:32:52+08:00 ] 127.0.0.1 /getsql/
INFO: [ app_init ] --START--
INFO: Run Behavior\BuildLiteBehavior [ RunTime:0.000000s ]
INFO: [ app_init ] --END-- [ RunTime:0.000000s ]
INFO: [ app_begin ] --START--
INFO: Run Behavior\ReadHtmlCacheBehavior [ RunTime:0.000000s ]
INFO: [ app_begin ] --END-- [ RunTime:0.000000s ]
ERR: SQLSTATE[HY000] [1045] Access denied for user 'root'@'localhost' (using password: NO)

[ 2016-06-27T19:32:52+08:00 ] 127.0.0.1 /getsql/
INFO: [ app_init ] --START--
INFO: Run Behavior\BuildLiteBehavior [ RunTime:0.000000s ]
INFO: [ app_init ] --END-- [ RunTime:0.000000s ]
INFO: [ app_begin ] --START--
INFO: Run Behavior\ReadHtmlCacheBehavior [ RunTime:0.000000s ]
INFO: [ app_begin ] --END-- [ RunTime:0.000000s ]
ERR: SQLSTATE[HY000] [1045] Access denied for user 'root'@'localhost' (using password: NO)

[ 2016-06-27T19:32:52+08:00 ] 127.0.0.1 /getsql/
INFO: [ app_init ] --START--
INFO: Run Behavior\BuildLiteBehavior [ RunTime:0.000000s ]
INFO: [ app_init ] --END-- [ RunTime:0.000000s ]
INFO: [ app_begin ] --START--
INFO: Run Behavior\ReadHtmlCacheBehavior [ RunTime:0.000000s ]
INFO: [ app_begin ] --END-- [ RunTime:0.000000s ]
ERR: SQLSTATE[HY000] [1045] Access denied for user 'root'@'localhost' (using password: NO)

[ 2016-06-27T19:36:53+08:00 ] 127.0.0.1 /getsql/
INFO: [ app_init ] --START--
INFO: Run Behavior\BuildLiteBehavior [ RunTime:0.000000s ]
INFO: [ app_init ] --END-- [ RunTime:0.000000s ]
INFO: [ app_begin ] --START--
INFO: Run Behavior\ReadHtmlCacheBehavior [ RunTime:0.000000s ]
INFO: [ app_begin ] --END-- [ RunTime:0.000000s ]
SQL: SHOW COLUMNS FROM `datatype` [ RunTime:0.0000s ]
SQL: SELECT * FROM `datatype`  [ RunTime:0.0000s ]
SQL: SHOW COLUMNS FROM `apply` [ RunTime:0.0000s ]
SQL: SELECT * FROM `apply`  [ RunTime:0.0000s ]
SQL: SHOW COLUMNS FROM `table` [ RunTime:0.0000s ]
SQL: SELECT * FROM `table`  [ RunTime:0.0000s ]
SQL: SHOW COLUMNS FROM `field` [ RunTime:0.0000s ]
SQL: SELECT * FROM `field` WHERE `table_id` = 1  [ RunTime:0.0000s ]
SQL: SELECT `data_name` FROM `datatype` WHERE `id` = 1 LIMIT 1   [ RunTime:0.0000s ]
SQL: SELECT `data_name` FROM `datatype` WHERE `id` = 10 LIMIT 1   [ RunTime:0.0000s ]
SQL: SELECT `data_name` FROM `datatype` WHERE `id` = 10 LIMIT 1   [ RunTime:0.0000s ]
SQL: SELECT `data_name` FROM `datatype` WHERE `id` = 10 LIMIT 1   [ RunTime:0.0000s ]
SQL: SELECT `data_name` FROM `datatype` WHERE `id` = 10 LIMIT 1   [ RunTime:0.0000s ]
SQL: SELECT `data_name` FROM `datatype` WHERE `id` = 19 LIMIT 1   [ RunTime:0.0000s ]
SQL: SELECT * FROM `field` WHERE `table_id` = 2  [ RunTime:0.0000s ]
SQL: SELECT `data_name` FROM `datatype` WHERE `id` = 1 LIMIT 1   [ RunTime:0.0000s ]
SQL: SELECT `data_name` FROM `datatype` WHERE `id` = 10 LIMIT 1   [ RunTime:0.0000s ]
SQL: SELECT `data_name` FROM `datatype` WHERE `id` = 10 LIMIT 1   [ RunTime:0.0000s ]
SQL: SELECT `data_name` FROM `datatype` WHERE `id` = 10 LIMIT 1   [ RunTime:0.0000s ]
SQL: SELECT `data_name` FROM `datatype` WHERE `id` = 10 LIMIT 1   [ RunTime:0.0000s ]
SQL: SELECT `data_name` FROM `datatype` WHERE `id` = 1 LIMIT 1   [ RunTime:0.0000s ]
SQL: SELECT `data_name` FROM `datatype` WHERE `id` = 10 LIMIT 1   [ RunTime:0.0000s ]
SQL: SELECT `data_name` FROM `datatype` WHERE `id` = 10 LIMIT 1   [ RunTime:0.0000s ]
SQL: SELECT `data_name` FROM `datatype` WHERE `id` = 10 LIMIT 1   [ RunTime:0.0000s ]
SQL: SELECT `data_name` FROM `datatype` WHERE `id` = 10 LIMIT 1   [ RunTime:0.0000s ]
SQL: SELECT `data_name` FROM `datatype` WHERE `id` = 1 LIMIT 1   [ RunTime:0.0000s ]
SQL: SELECT * FROM `field` WHERE `table_id` = 3  [ RunTime:0.0000s ]
SQL: SELECT `data_name` FROM `datatype` WHERE `id` = 1 LIMIT 1   [ RunTime:0.0156s ]
SQL: SELECT `data_name` FROM `datatype` WHERE `id` = 1 LIMIT 1   [ RunTime:0.0000s ]
SQL: SELECT `data_name` FROM `datatype` WHERE `id` = 10 LIMIT 1   [ RunTime:0.0000s ]
SQL: SELECT `data_name` FROM `datatype` WHERE `id` = 10 LIMIT 1   [ RunTime:0.0000s ]
SQL: SELECT `data_name` FROM `datatype` WHERE `id` = 1 LIMIT 1   [ RunTime:0.0000s ]
SQL: SELECT `data_name` FROM `datatype` WHERE `id` = 10 LIMIT 1   [ RunTime:0.0000s ]
SQL: SELECT * FROM `field` WHERE `table_id` = 4  [ RunTime:0.0000s ]
SQL: SELECT `data_name` FROM `datatype` WHERE `id` = 1 LIMIT 1   [ RunTime:0.0000s ]
SQL: SELECT `data_name` FROM `datatype` WHERE `id` = 10 LIMIT 1   [ RunTime:0.0000s ]
SQL: SELECT `data_name` FROM `datatype` WHERE `id` = 10 LIMIT 1   [ RunTime:0.0000s ]
SQL: SELECT `data_name` FROM `datatype` WHERE `id` = 1 LIMIT 1   [ RunTime:0.0000s ]
SQL: SELECT `data_name` FROM `datatype` WHERE `id` = 1 LIMIT 1   [ RunTime:0.0000s ]
SQL: SELECT `data_name` FROM `datatype` WHERE `id` = 19 LIMIT 1   [ RunTime:0.0000s ]
SQL: SELECT * FROM `field` WHERE `table_id` = 5  [ RunTime:0.0000s ]
SQL: SELECT `data_name` FROM `datatype` WHERE `id` = 1 LIMIT 1   [ RunTime:0.0000s ]
SQL: SELECT `data_name` FROM `datatype` WHERE `id` = 1 LIMIT 1   [ RunTime:0.0000s ]
SQL: SELECT `data_name` FROM `datatype` WHERE `id` = 10 LIMIT 1   [ RunTime:0.0000s ]
INFO: [ view_parse ] --START--
INFO: [ template_filter ] --START--
INFO: Run Behavior\ContentReplaceBehavior [ RunTime:0.000000s ]
INFO: [ template_filter ] --END-- [ RunTime:0.000000s ]
INFO: Run Behavior\ParseTemplateBehavior [ RunTime:0.078125s ]
INFO: [ view_parse ] --END-- [ RunTime:0.078125s ]
INFO: [ view_filter ] --START--
INFO: Run Behavior\WriteHtmlCacheBehavior [ RunTime:0.000000s ]
INFO: [ view_filter ] --END-- [ RunTime:0.000000s ]
INFO: [ app_end ] --START--
INFO: Run Behavior\ShowPageTraceBehavior [ RunTime:0.000000s ]
INFO: [ app_end ] --END-- [ RunTime:0.000000s ]

[ 2016-06-27T19:36:59+08:00 ] 127.0.0.1 /getsql/index.php/Home/Index/pullfield.html
INFO: [ app_init ] --START--
INFO: Run Behavior\BuildLiteBehavior [ RunTime:0.000000s ]
INFO: [ app_init ] --END-- [ RunTime:0.000000s ]
INFO: [ app_begin ] --START--
INFO: Run Behavior\ReadHtmlCacheBehavior [ RunTime:0.000000s ]
INFO: [ app_begin ] --END-- [ RunTime:0.000000s ]
SQL: SELECT * FROM `field` WHERE `id` = 6 LIMIT 1   [ RunTime:0.0000s ]

[ 2016-06-27T19:38:35+08:00 ] 127.0.0.1 /getsql/index.php/Home/Index/addfield.html
INFO: [ app_init ] --START--
INFO: Run Behavior\BuildLiteBehavior [ RunTime:0.000000s ]
INFO: [ app_init ] --END-- [ RunTime:0.000000s ]
INFO: [ app_begin ] --START--
INFO: Run Behavior\ReadHtmlCacheBehavior [ RunTime:0.000000s ]
INFO: [ app_begin ] --END-- [ RunTime:0.000000s ]
SQL: UPDATE `field` SET `field_en`='logintime',`leng`='',`default`='current_timestamp',`addself`='0',`majorkey`='0',`explain`='注册时间',`data_id`='21',`null`='0',`table_id`='1' WHERE `id` = 6 [ RunTime:0.0156s ]

[ 2016-06-27T19:38:38+08:00 ] 127.0.0.1 /getsql/
INFO: [ app_init ] --START--
INFO: Run Behavior\BuildLiteBehavior [ RunTime:0.000000s ]
INFO: [ app_init ] --END-- [ RunTime:0.000000s ]
INFO: [ app_begin ] --START--
INFO: Run Behavior\ReadHtmlCacheBehavior [ RunTime:0.000000s ]
INFO: [ app_begin ] --END-- [ RunTime:0.000000s ]
SQL: SELECT * FROM `datatype`  [ RunTime:0.0000s ]
SQL: SELECT * FROM `apply`  [ RunTime:0.0000s ]
SQL: SELECT * FROM `table`  [ RunTime:0.0000s ]
SQL: SELECT * FROM `field` WHERE `table_id` = 1  [ RunTime:0.0000s ]
SQL: SELECT `data_name` FROM `datatype` WHERE `id` = 1 LIMIT 1   [ RunTime:0.0000s ]
SQL: SELECT `data_name` FROM `datatype` WHERE `id` = 10 LIMIT 1   [ RunTime:0.0000s ]
SQL: SELECT `data_name` FROM `datatype` WHERE `id` = 10 LIMIT 1   [ RunTime:0.0000s ]
SQL: SELECT `data_name` FROM `datatype` WHERE `id` = 10 LIMIT 1   [ RunTime:0.0000s ]
SQL: SELECT `data_name` FROM `datatype` WHERE `id` = 10 LIMIT 1   [ RunTime:0.0000s ]
SQL: SELECT `data_name` FROM `datatype` WHERE `id` = 21 LIMIT 1   [ RunTime:0.0000s ]
SQL: SELECT * FROM `field` WHERE `table_id` = 2  [ RunTime:0.0000s ]
SQL: SELECT `data_name` FROM `datatype` WHERE `id` = 1 LIMIT 1   [ RunTime:0.0000s ]
SQL: SELECT `data_name` FROM `datatype` WHERE `id` = 10 LIMIT 1   [ RunTime:0.0156s ]
SQL: SELECT `data_name` FROM `datatype` WHERE `id` = 10 LIMIT 1   [ RunTime:0.0000s ]
SQL: SELECT `data_name` FROM `datatype` WHERE `id` = 10 LIMIT 1   [ RunTime:0.0000s ]
SQL: SELECT `data_name` FROM `datatype` WHERE `id` = 10 LIMIT 1   [ RunTime:0.0000s ]
SQL: SELECT `data_name` FROM `datatype` WHERE `id` = 1 LIMIT 1   [ RunTime:0.0000s ]
SQL: SELECT `data_name` FROM `datatype` WHERE `id` = 10 LIMIT 1   [ RunTime:0.0000s ]
SQL: SELECT `data_name` FROM `datatype` WHERE `id` = 10 LIMIT 1   [ RunTime:0.0000s ]
SQL: SELECT `data_name` FROM `datatype` WHERE `id` = 10 LIMIT 1   [ RunTime:0.0000s ]
SQL: SELECT `data_name` FROM `datatype` WHERE `id` = 10 LIMIT 1   [ RunTime:0.0000s ]
SQL: SELECT `data_name` FROM `datatype` WHERE `id` = 1 LIMIT 1   [ RunTime:0.0000s ]
SQL: SELECT * FROM `field` WHERE `table_id` = 3  [ RunTime:0.0000s ]
SQL: SELECT `data_name` FROM `datatype` WHERE `id` = 1 LIMIT 1   [ RunTime:0.0000s ]
SQL: SELECT `data_name` FROM `datatype` WHERE `id` = 1 LIMIT 1   [ RunTime:0.0000s ]
SQL: SELECT `data_name` FROM `datatype` WHERE `id` = 10 LIMIT 1   [ RunTime:0.0000s ]
SQL: SELECT `data_name` FROM `datatype` WHERE `id` = 10 LIMIT 1   [ RunTime:0.0000s ]
SQL: SELECT `data_name` FROM `datatype` WHERE `id` = 1 LIMIT 1   [ RunTime:0.0000s ]
SQL: SELECT `data_name` FROM `datatype` WHERE `id` = 10 LIMIT 1   [ RunTime:0.0000s ]
SQL: SELECT * FROM `field` WHERE `table_id` = 4  [ RunTime:0.0000s ]
SQL: SELECT `data_name` FROM `datatype` WHERE `id` = 1 LIMIT 1   [ RunTime:0.0000s ]
SQL: SELECT `data_name` FROM `datatype` WHERE `id` = 10 LIMIT 1   [ RunTime:0.0000s ]
SQL: SELECT `data_name` FROM `datatype` WHERE `id` = 10 LIMIT 1   [ RunTime:0.0000s ]
SQL: SELECT `data_name` FROM `datatype` WHERE `id` = 1 LIMIT 1   [ RunTime:0.0000s ]
SQL: SELECT `data_name` FROM `datatype` WHERE `id` = 1 LIMIT 1   [ RunTime:0.0000s ]
SQL: SELECT `data_name` FROM `datatype` WHERE `id` = 19 LIMIT 1   [ RunTime:0.0000s ]
SQL: SELECT * FROM `field` WHERE `table_id` = 5  [ RunTime:0.0000s ]
SQL: SELECT `data_name` FROM `datatype` WHERE `id` = 1 LIMIT 1   [ RunTime:0.0000s ]
SQL: SELECT `data_name` FROM `datatype` WHERE `id` = 1 LIMIT 1   [ RunTime:0.0156s ]
SQL: SELECT `data_name` FROM `datatype` WHERE `id` = 10 LIMIT 1   [ RunTime:0.0000s ]
INFO: [ view_parse ] --START--
INFO: [ template_filter ] --START--
INFO: Run Behavior\ContentReplaceBehavior [ RunTime:0.000000s ]
INFO: [ template_filter ] --END-- [ RunTime:0.000000s ]
INFO: Run Behavior\ParseTemplateBehavior [ RunTime:0.031250s ]
INFO: [ view_parse ] --END-- [ RunTime:0.031250s ]
INFO: [ view_filter ] --START--
INFO: Run Behavior\WriteHtmlCacheBehavior [ RunTime:0.000000s ]
INFO: [ view_filter ] --END-- [ RunTime:0.000000s ]
INFO: [ app_end ] --START--
INFO: Run Behavior\ShowPageTraceBehavior [ RunTime:0.000000s ]
INFO: [ app_end ] --END-- [ RunTime:0.000000s ]

[ 2016-06-27T19:38:49+08:00 ] 127.0.0.1 /getsql/index.php/Home/Index/getsql.html
INFO: [ app_init ] --START--
INFO: Run Behavior\BuildLiteBehavior [ RunTime:0.000000s ]
INFO: [ app_init ] --END-- [ RunTime:0.000000s ]
INFO: [ app_begin ] --START--
INFO: Run Behavior\ReadHtmlCacheBehavior [ RunTime:0.000000s ]
INFO: [ app_begin ] --END-- [ RunTime:0.000000s ]
SQL: SELECT * FROM `field` WHERE `id` IN ('1','2','3','4','5','6')  [ RunTime:0.0000s ]
SQL: SELECT `name_en`,`name_zh` FROM `table` WHERE `id` IN ('1') LIMIT 1   [ RunTime:0.0000s ]
SQL: SELECT `data_name` FROM `datatype` WHERE `id` = 1 LIMIT 1   [ RunTime:0.0000s ]
SQL: SELECT `name_en`,`name_zh` FROM `table` WHERE `id` IN ('1') LIMIT 1   [ RunTime:0.0000s ]
SQL: SELECT `data_name` FROM `datatype` WHERE `id` = 10 LIMIT 1   [ RunTime:0.0000s ]
SQL: SELECT `name_en`,`name_zh` FROM `table` WHERE `id` IN ('1') LIMIT 1   [ RunTime:0.0000s ]
SQL: SELECT `data_name` FROM `datatype` WHERE `id` = 10 LIMIT 1   [ RunTime:0.0000s ]
SQL: SELECT `name_en`,`name_zh` FROM `table` WHERE `id` IN ('1') LIMIT 1   [ RunTime:0.0156s ]
SQL: SELECT `data_name` FROM `datatype` WHERE `id` = 10 LIMIT 1   [ RunTime:0.0000s ]
SQL: SELECT `name_en`,`name_zh` FROM `table` WHERE `id` IN ('1') LIMIT 1   [ RunTime:0.0000s ]
SQL: SELECT `data_name` FROM `datatype` WHERE `id` = 10 LIMIT 1   [ RunTime:0.0000s ]
SQL: SELECT `name_en`,`name_zh` FROM `table` WHERE `id` IN ('1') LIMIT 1   [ RunTime:0.0000s ]
SQL: SELECT `data_name` FROM `datatype` WHERE `id` = 21 LIMIT 1   [ RunTime:0.0000s ]

[ 2016-06-27T19:46:59+08:00 ] 127.0.0.1 /getsql/index.php/Home/Index/getsql.html
INFO: [ app_init ] --START--
INFO: Run Behavior\BuildLiteBehavior [ RunTime:0.000000s ]
INFO: [ app_init ] --END-- [ RunTime:0.000000s ]
INFO: [ app_begin ] --START--
INFO: Run Behavior\ReadHtmlCacheBehavior [ RunTime:0.000000s ]
INFO: [ app_begin ] --END-- [ RunTime:0.000000s ]
SQL: SELECT * FROM `field` WHERE `id` IN ('1','2','3','4','5','6')  [ RunTime:0.0000s ]
SQL: SELECT `name_en`,`name_zh` FROM `table` WHERE `id` IN ('1') LIMIT 1   [ RunTime:0.0000s ]
SQL: SELECT `data_name` FROM `datatype` WHERE `id` = 1 LIMIT 1   [ RunTime:0.0000s ]
SQL: SELECT `name_en`,`name_zh` FROM `table` WHERE `id` IN ('1') LIMIT 1   [ RunTime:0.0000s ]
SQL: SELECT `data_name` FROM `datatype` WHERE `id` = 10 LIMIT 1   [ RunTime:0.0000s ]
SQL: SELECT `name_en`,`name_zh` FROM `table` WHERE `id` IN ('1') LIMIT 1   [ RunTime:0.0000s ]
SQL: SELECT `data_name` FROM `datatype` WHERE `id` = 10 LIMIT 1   [ RunTime:0.0000s ]
SQL: SELECT `name_en`,`name_zh` FROM `table` WHERE `id` IN ('1') LIMIT 1   [ RunTime:0.0000s ]
SQL: SELECT `data_name` FROM `datatype` WHERE `id` = 10 LIMIT 1   [ RunTime:0.0000s ]
SQL: SELECT `name_en`,`name_zh` FROM `table` WHERE `id` IN ('1') LIMIT 1   [ RunTime:0.0000s ]
SQL: SELECT `data_name` FROM `datatype` WHERE `id` = 10 LIMIT 1   [ RunTime:0.0000s ]
SQL: SELECT `name_en`,`name_zh` FROM `table` WHERE `id` IN ('1') LIMIT 1   [ RunTime:0.0000s ]
SQL: SELECT `data_name` FROM `datatype` WHERE `id` = 21 LIMIT 1   [ RunTime:0.0000s ]

[ 2016-06-27T19:49:05+08:00 ] 127.0.0.1 /getsql/
INFO: [ app_init ] --START--
INFO: Run Behavior\BuildLiteBehavior [ RunTime:0.000000s ]
INFO: [ app_init ] --END-- [ RunTime:0.000000s ]
INFO: [ app_begin ] --START--
INFO: Run Behavior\ReadHtmlCacheBehavior [ RunTime:0.000000s ]
INFO: [ app_begin ] --END-- [ RunTime:0.000000s ]
SQL: SELECT * FROM `datatype`  [ RunTime:0.0000s ]
SQL: SELECT * FROM `apply`  [ RunTime:0.0000s ]
SQL: SELECT * FROM `table`  [ RunTime:0.0156s ]
SQL: SELECT * FROM `field` WHERE `table_id` = 1  [ RunTime:0.0000s ]
SQL: SELECT `data_name` FROM `datatype` WHERE `id` = 1 LIMIT 1   [ RunTime:0.0000s ]
SQL: SELECT `data_name` FROM `datatype` WHERE `id` = 10 LIMIT 1   [ RunTime:0.0000s ]
SQL: SELECT `data_name` FROM `datatype` WHERE `id` = 10 LIMIT 1   [ RunTime:0.0000s ]
SQL: SELECT `data_name` FROM `datatype` WHERE `id` = 10 LIMIT 1   [ RunTime:0.0000s ]
SQL: SELECT `data_name` FROM `datatype` WHERE `id` = 10 LIMIT 1   [ RunTime:0.0000s ]
SQL: SELECT `data_name` FROM `datatype` WHERE `id` = 21 LIMIT 1   [ RunTime:0.0000s ]
SQL: SELECT * FROM `field` WHERE `table_id` = 2  [ RunTime:0.0000s ]
SQL: SELECT `data_name` FROM `datatype` WHERE `id` = 1 LIMIT 1   [ RunTime:0.0000s ]
SQL: SELECT `data_name` FROM `datatype` WHERE `id` = 10 LIMIT 1   [ RunTime:0.0000s ]
SQL: SELECT `data_name` FROM `datatype` WHERE `id` = 10 LIMIT 1   [ RunTime:0.0000s ]
SQL: SELECT `data_name` FROM `datatype` WHERE `id` = 10 LIMIT 1   [ RunTime:0.0000s ]
SQL: SELECT `data_name` FROM `datatype` WHERE `id` = 10 LIMIT 1   [ RunTime:0.0000s ]
SQL: SELECT `data_name` FROM `datatype` WHERE `id` = 1 LIMIT 1   [ RunTime:0.0000s ]
SQL: SELECT `data_name` FROM `datatype` WHERE `id` = 10 LIMIT 1   [ RunTime:0.0000s ]
SQL: SELECT `data_name` FROM `datatype` WHERE `id` = 10 LIMIT 1   [ RunTime:0.0000s ]
SQL: SELECT `data_name` FROM `datatype` WHERE `id` = 10 LIMIT 1   [ RunTime:0.0000s ]
SQL: SELECT `data_name` FROM `datatype` WHERE `id` = 10 LIMIT 1   [ RunTime:0.0000s ]
SQL: SELECT `data_name` FROM `datatype` WHERE `id` = 1 LIMIT 1   [ RunTime:0.0000s ]
SQL: SELECT * FROM `field` WHERE `table_id` = 3  [ RunTime:0.0000s ]
SQL: SELECT `data_name` FROM `datatype` WHERE `id` = 1 LIMIT 1   [ RunTime:0.0000s ]
SQL: SELECT `data_name` FROM `datatype` WHERE `id` = 1 LIMIT 1   [ RunTime:0.0000s ]
SQL: SELECT `data_name` FROM `datatype` WHERE `id` = 10 LIMIT 1   [ RunTime:0.0000s ]
SQL: SELECT `data_name` FROM `datatype` WHERE `id` = 10 LIMIT 1   [ RunTime:0.0000s ]
SQL: SELECT `data_name` FROM `datatype` WHERE `id` = 1 LIMIT 1   [ RunTime:0.0000s ]
SQL: SELECT `data_name` FROM `datatype` WHERE `id` = 10 LIMIT 1   [ RunTime:0.0000s ]
SQL: SELECT * FROM `field` WHERE `table_id` = 4  [ RunTime:0.0000s ]
SQL: SELECT `data_name` FROM `datatype` WHERE `id` = 1 LIMIT 1   [ RunTime:0.0000s ]
SQL: SELECT `data_name` FROM `datatype` WHERE `id` = 10 LIMIT 1   [ RunTime:0.0000s ]
SQL: SELECT `data_name` FROM `datatype` WHERE `id` = 10 LIMIT 1   [ RunTime:0.0000s ]
SQL: SELECT `data_name` FROM `datatype` WHERE `id` = 1 LIMIT 1   [ RunTime:0.0000s ]
SQL: SELECT `data_name` FROM `datatype` WHERE `id` = 1 LIMIT 1   [ RunTime:0.0156s ]
SQL: SELECT `data_name` FROM `datatype` WHERE `id` = 19 LIMIT 1   [ RunTime:0.0000s ]
SQL: SELECT * FROM `field` WHERE `table_id` = 5  [ RunTime:0.0000s ]
SQL: SELECT `data_name` FROM `datatype` WHERE `id` = 1 LIMIT 1   [ RunTime:0.0000s ]
SQL: SELECT `data_name` FROM `datatype` WHERE `id` = 1 LIMIT 1   [ RunTime:0.0000s ]
SQL: SELECT `data_name` FROM `datatype` WHERE `id` = 10 LIMIT 1   [ RunTime:0.0000s ]
INFO: [ view_parse ] --START--
INFO: [ template_filter ] --START--
INFO: Run Behavior\ContentReplaceBehavior [ RunTime:0.000000s ]
INFO: [ template_filter ] --END-- [ RunTime:0.000000s ]
INFO: Run Behavior\ParseTemplateBehavior [ RunTime:0.109375s ]
INFO: [ view_parse ] --END-- [ RunTime:0.109375s ]
INFO: [ view_filter ] --START--
INFO: Run Behavior\WriteHtmlCacheBehavior [ RunTime:0.000000s ]
INFO: [ view_filter ] --END-- [ RunTime:0.000000s ]
INFO: [ app_end ] --START--
INFO: Run Behavior\ShowPageTraceBehavior [ RunTime:0.000000s ]
INFO: [ app_end ] --END-- [ RunTime:0.000000s ]

[ 2016-06-27T19:49:08+08:00 ] 127.0.0.1 /getsql/index.php/Home/Index/getsql.html
INFO: [ app_init ] --START--
INFO: Run Behavior\BuildLiteBehavior [ RunTime:0.000000s ]
INFO: [ app_init ] --END-- [ RunTime:0.000000s ]
INFO: [ app_begin ] --START--
INFO: Run Behavior\ReadHtmlCacheBehavior [ RunTime:0.000000s ]
INFO: [ app_begin ] --END-- [ RunTime:0.000000s ]
SQL: SELECT * FROM `field` WHERE `id` IN ('')  [ RunTime:0.0000s ]

[ 2016-06-27T19:49:16+08:00 ] 127.0.0.1 /getsql/index.php/Home/Index/getsql.html
INFO: [ app_init ] --START--
INFO: Run Behavior\BuildLiteBehavior [ RunTime:0.000000s ]
INFO: [ app_init ] --END-- [ RunTime:0.000000s ]
INFO: [ app_begin ] --START--
INFO: Run Behavior\ReadHtmlCacheBehavior [ RunTime:0.000000s ]
INFO: [ app_begin ] --END-- [ RunTime:0.000000s ]
SQL: SELECT * FROM `field` WHERE `id` IN ('1','2','3','4','5','6')  [ RunTime:0.0000s ]
SQL: SELECT `name_en`,`name_zh` FROM `table` WHERE `id` IN ('1') LIMIT 1   [ RunTime:0.0000s ]
SQL: SELECT `data_name` FROM `datatype` WHERE `id` = 1 LIMIT 1   [ RunTime:0.0000s ]
SQL: SELECT `name_en`,`name_zh` FROM `table` WHERE `id` IN ('1') LIMIT 1   [ RunTime:0.0000s ]
SQL: SELECT `data_name` FROM `datatype` WHERE `id` = 10 LIMIT 1   [ RunTime:0.0000s ]
SQL: SELECT `name_en`,`name_zh` FROM `table` WHERE `id` IN ('1') LIMIT 1   [ RunTime:0.0000s ]
SQL: SELECT `data_name` FROM `datatype` WHERE `id` = 10 LIMIT 1   [ RunTime:0.0156s ]
SQL: SELECT `name_en`,`name_zh` FROM `table` WHERE `id` IN ('1') LIMIT 1   [ RunTime:0.0000s ]
SQL: SELECT `data_name` FROM `datatype` WHERE `id` = 10 LIMIT 1   [ RunTime:0.0000s ]
SQL: SELECT `name_en`,`name_zh` FROM `table` WHERE `id` IN ('1') LIMIT 1   [ RunTime:0.0000s ]
SQL: SELECT `data_name` FROM `datatype` WHERE `id` = 10 LIMIT 1   [ RunTime:0.0000s ]
SQL: SELECT `name_en`,`name_zh` FROM `table` WHERE `id` IN ('1') LIMIT 1   [ RunTime:0.0000s ]
SQL: SELECT `data_name` FROM `datatype` WHERE `id` = 21 LIMIT 1   [ RunTime:0.0000s ]

[ 2016-06-27T19:52:13+08:00 ] 127.0.0.1 /getsql/
INFO: [ app_init ] --START--
INFO: Run Behavior\BuildLiteBehavior [ RunTime:0.000000s ]
INFO: [ app_init ] --END-- [ RunTime:0.000000s ]
INFO: [ app_begin ] --START--
INFO: Run Behavior\ReadHtmlCacheBehavior [ RunTime:0.015625s ]
INFO: [ app_begin ] --END-- [ RunTime:0.015625s ]
SQL: SELECT * FROM `datatype`  [ RunTime:0.0000s ]
SQL: SELECT * FROM `apply`  [ RunTime:0.0000s ]
SQL: SELECT * FROM `table`  [ RunTime:0.0000s ]
SQL: SELECT * FROM `field` WHERE `table_id` = 1  [ RunTime:0.0000s ]
SQL: SELECT `data_name` FROM `datatype` WHERE `id` = 1 LIMIT 1   [ RunTime:0.0000s ]
SQL: SELECT `data_name` FROM `datatype` WHERE `id` = 10 LIMIT 1   [ RunTime:0.0000s ]
SQL: SELECT `data_name` FROM `datatype` WHERE `id` = 10 LIMIT 1   [ RunTime:0.0000s ]
SQL: SELECT `data_name` FROM `datatype` WHERE `id` = 10 LIMIT 1   [ RunTime:0.0000s ]
SQL: SELECT `data_name` FROM `datatype` WHERE `id` = 10 LIMIT 1   [ RunTime:0.0000s ]
SQL: SELECT `data_name` FROM `datatype` WHERE `id` = 21 LIMIT 1   [ RunTime:0.0156s ]
SQL: SELECT * FROM `field` WHERE `table_id` = 2  [ RunTime:0.0000s ]
SQL: SELECT `data_name` FROM `datatype` WHERE `id` = 1 LIMIT 1   [ RunTime:0.0000s ]
SQL: SELECT `data_name` FROM `datatype` WHERE `id` = 10 LIMIT 1   [ RunTime:0.0000s ]
SQL: SELECT `data_name` FROM `datatype` WHERE `id` = 10 LIMIT 1   [ RunTime:0.0000s ]
SQL: SELECT `data_name` FROM `datatype` WHERE `id` = 10 LIMIT 1   [ RunTime:0.0000s ]
SQL: SELECT `data_name` FROM `datatype` WHERE `id` = 10 LIMIT 1   [ RunTime:0.0000s ]
SQL: SELECT `data_name` FROM `datatype` WHERE `id` = 1 LIMIT 1   [ RunTime:0.0000s ]
SQL: SELECT `data_name` FROM `datatype` WHERE `id` = 10 LIMIT 1   [ RunTime:0.0000s ]
SQL: SELECT `data_name` FROM `datatype` WHERE `id` = 10 LIMIT 1   [ RunTime:0.0000s ]
SQL: SELECT `data_name` FROM `datatype` WHERE `id` = 10 LIMIT 1   [ RunTime:0.0000s ]
SQL: SELECT `data_name` FROM `datatype` WHERE `id` = 10 LIMIT 1   [ RunTime:0.0156s ]
SQL: SELECT `data_name` FROM `datatype` WHERE `id` = 1 LIMIT 1   [ RunTime:0.0000s ]
SQL: SELECT * FROM `field` WHERE `table_id` = 3  [ RunTime:0.0000s ]
SQL: SELECT `data_name` FROM `datatype` WHERE `id` = 1 LIMIT 1   [ RunTime:0.0000s ]
SQL: SELECT `data_name` FROM `datatype` WHERE `id` = 1 LIMIT 1   [ RunTime:0.0000s ]
SQL: SELECT `data_name` FROM `datatype` WHERE `id` = 10 LIMIT 1   [ RunTime:0.0000s ]
SQL: SELECT `data_name` FROM `datatype` WHERE `id` = 10 LIMIT 1   [ RunTime:0.0000s ]
SQL: SELECT `data_name` FROM `datatype` WHERE `id` = 1 LIMIT 1   [ RunTime:0.0000s ]
SQL: SELECT `data_name` FROM `datatype` WHERE `id` = 10 LIMIT 1   [ RunTime:0.0000s ]
SQL: SELECT * FROM `field` WHERE `table_id` = 4  [ RunTime:0.0000s ]
SQL: SELECT `data_name` FROM `datatype` WHERE `id` = 1 LIMIT 1   [ RunTime:0.0000s ]
SQL: SELECT `data_name` FROM `datatype` WHERE `id` = 10 LIMIT 1   [ RunTime:0.0156s ]
SQL: SELECT `data_name` FROM `datatype` WHERE `id` = 10 LIMIT 1   [ RunTime:0.0000s ]
SQL: SELECT `data_name` FROM `datatype` WHERE `id` = 1 LIMIT 1   [ RunTime:0.0000s ]
SQL: SELECT `data_name` FROM `datatype` WHERE `id` = 1 LIMIT 1   [ RunTime:0.0000s ]
SQL: SELECT `data_name` FROM `datatype` WHERE `id` = 19 LIMIT 1   [ RunTime:0.0000s ]
SQL: SELECT * FROM `field` WHERE `table_id` = 5  [ RunTime:0.0000s ]
SQL: SELECT `data_name` FROM `datatype` WHERE `id` = 1 LIMIT 1   [ RunTime:0.0000s ]
SQL: SELECT `data_name` FROM `datatype` WHERE `id` = 1 LIMIT 1   [ RunTime:0.0000s ]
SQL: SELECT `data_name` FROM `datatype` WHERE `id` = 10 LIMIT 1   [ RunTime:0.0000s ]
INFO: [ view_parse ] --START--
INFO: [ template_filter ] --START--
INFO: Run Behavior\ContentReplaceBehavior [ RunTime:0.000000s ]
INFO: [ template_filter ] --END-- [ RunTime:0.000000s ]
INFO: Run Behavior\ParseTemplateBehavior [ RunTime:0.093750s ]
INFO: [ view_parse ] --END-- [ RunTime:0.093750s ]
INFO: [ view_filter ] --START--
INFO: Run Behavior\WriteHtmlCacheBehavior [ RunTime:0.000000s ]
INFO: [ view_filter ] --END-- [ RunTime:0.000000s ]
INFO: [ app_end ] --START--
INFO: Run Behavior\ShowPageTraceBehavior [ RunTime:0.000000s ]
INFO: [ app_end ] --END-- [ RunTime:0.000000s ]

[ 2016-06-27T19:52:54+08:00 ] 127.0.0.1 /getsql/
INFO: [ app_init ] --START--
INFO: Run Behavior\BuildLiteBehavior [ RunTime:0.000000s ]
INFO: [ app_init ] --END-- [ RunTime:0.000000s ]
INFO: [ app_begin ] --START--
INFO: Run Behavior\ReadHtmlCacheBehavior [ RunTime:0.000000s ]
INFO: [ app_begin ] --END-- [ RunTime:0.000000s ]
SQL: SELECT * FROM `datatype`  [ RunTime:0.0156s ]
SQL: SELECT * FROM `apply`  [ RunTime:0.0000s ]
SQL: SELECT * FROM `table`  [ RunTime:0.0000s ]
SQL: SELECT * FROM `field` WHERE `table_id` = 1  [ RunTime:0.0000s ]
SQL: SELECT `data_name` FROM `datatype` WHERE `id` = 1 LIMIT 1   [ RunTime:0.0000s ]
SQL: SELECT `data_name` FROM `datatype` WHERE `id` = 10 LIMIT 1   [ RunTime:0.0000s ]
SQL: SELECT `data_name` FROM `datatype` WHERE `id` = 10 LIMIT 1   [ RunTime:0.0000s ]
SQL: SELECT `data_name` FROM `datatype` WHERE `id` = 10 LIMIT 1   [ RunTime:0.0000s ]
SQL: SELECT `data_name` FROM `datatype` WHERE `id` = 10 LIMIT 1   [ RunTime:0.0000s ]
SQL: SELECT `data_name` FROM `datatype` WHERE `id` = 21 LIMIT 1   [ RunTime:0.0000s ]
SQL: SELECT * FROM `field` WHERE `table_id` = 2  [ RunTime:0.0000s ]
SQL: SELECT `data_name` FROM `datatype` WHERE `id` = 1 LIMIT 1   [ RunTime:0.0156s ]
SQL: SELECT `data_name` FROM `datatype` WHERE `id` = 10 LIMIT 1   [ RunTime:0.0000s ]
SQL: SELECT `data_name` FROM `datatype` WHERE `id` = 10 LIMIT 1   [ RunTime:0.0000s ]
SQL: SELECT `data_name` FROM `datatype` WHERE `id` = 10 LIMIT 1   [ RunTime:0.0000s ]
SQL: SELECT `data_name` FROM `datatype` WHERE `id` = 10 LIMIT 1   [ RunTime:0.0000s ]
SQL: SELECT `data_name` FROM `datatype` WHERE `id` = 1 LIMIT 1   [ RunTime:0.0000s ]
SQL: SELECT `data_name` FROM `datatype` WHERE `id` = 10 LIMIT 1   [ RunTime:0.0000s ]
SQL: SELECT `data_name` FROM `datatype` WHERE `id` = 10 LIMIT 1   [ RunTime:0.0000s ]
SQL: SELECT `data_name` FROM `datatype` WHERE `id` = 10 LIMIT 1   [ RunTime:0.0156s ]
SQL: SELECT `data_name` FROM `datatype` WHERE `id` = 10 LIMIT 1   [ RunTime:0.0000s ]
SQL: SELECT `data_name` FROM `datatype` WHERE `id` = 1 LIMIT 1   [ RunTime:0.0000s ]
SQL: SELECT * FROM `field` WHERE `table_id` = 3  [ RunTime:0.0000s ]
SQL: SELECT `data_name` FROM `datatype` WHERE `id` = 1 LIMIT 1   [ RunTime:0.0000s ]
SQL: SELECT `data_name` FROM `datatype` WHERE `id` = 1 LIMIT 1   [ RunTime:0.0000s ]
SQL: SELECT `data_name` FROM `datatype` WHERE `id` = 10 LIMIT 1   [ RunTime:0.0000s ]
SQL: SELECT `data_name` FROM `datatype` WHERE `id` = 10 LIMIT 1   [ RunTime:0.0000s ]
SQL: SELECT `data_name` FROM `datatype` WHERE `id` = 1 LIMIT 1   [ RunTime:0.0000s ]
SQL: SELECT `data_name` FROM `datatype` WHERE `id` = 10 LIMIT 1   [ RunTime:0.0000s ]
SQL: SELECT * FROM `field` WHERE `table_id` = 4  [ RunTime:0.0000s ]
SQL: SELECT `data_name` FROM `datatype` WHERE `id` = 1 LIMIT 1   [ RunTime:0.0156s ]
SQL: SELECT `data_name` FROM `datatype` WHERE `id` = 10 LIMIT 1   [ RunTime:0.0000s ]
SQL: SELECT `data_name` FROM `datatype` WHERE `id` = 10 LIMIT 1   [ RunTime:0.0000s ]
SQL: SELECT `data_name` FROM `datatype` WHERE `id` = 1 LIMIT 1   [ RunTime:0.0000s ]
SQL: SELECT `data_name` FROM `datatype` WHERE `id` = 1 LIMIT 1   [ RunTime:0.0000s ]
SQL: SELECT `data_name` FROM `datatype` WHERE `id` = 19 LIMIT 1   [ RunTime:0.0000s ]
SQL: SELECT * FROM `field` WHERE `table_id` = 5  [ RunTime:0.0000s ]
SQL: SELECT `data_name` FROM `datatype` WHERE `id` = 1 LIMIT 1   [ RunTime:0.0000s ]
SQL: SELECT `data_name` FROM `datatype` WHERE `id` = 1 LIMIT 1   [ RunTime:0.0000s ]
SQL: SELECT `data_name` FROM `datatype` WHERE `id` = 10 LIMIT 1   [ RunTime:0.0000s ]
INFO: [ view_parse ] --START--
INFO: [ template_filter ] --START--
INFO: Run Behavior\ContentReplaceBehavior [ RunTime:0.000000s ]
INFO: [ template_filter ] --END-- [ RunTime:0.000000s ]
INFO: Run Behavior\ParseTemplateBehavior [ RunTime:0.109375s ]
INFO: [ view_parse ] --END-- [ RunTime:0.109375s ]
INFO: [ view_filter ] --START--
INFO: Run Behavior\WriteHtmlCacheBehavior [ RunTime:0.000000s ]
INFO: [ view_filter ] --END-- [ RunTime:0.000000s ]
INFO: [ app_end ] --START--
INFO: Run Behavior\ShowPageTraceBehavior [ RunTime:0.000000s ]
INFO: [ app_end ] --END-- [ RunTime:0.000000s ]

[ 2016-06-27T19:53:16+08:00 ] 127.0.0.1 /getsql/index.php/Home/Index/checkfield.html
INFO: [ app_init ] --START--
INFO: Run Behavior\BuildLiteBehavior [ RunTime:0.000000s ]
INFO: [ app_init ] --END-- [ RunTime:0.000000s ]
INFO: [ app_begin ] --START--
INFO: Run Behavior\ReadHtmlCacheBehavior [ RunTime:0.000000s ]
INFO: [ app_begin ] --END-- [ RunTime:0.000000s ]
SQL: SELECT * FROM `field` WHERE `field_en` = '' AND `table_id` = 1  [ RunTime:0.0000s ]

[ 2016-06-27T19:57:05+08:00 ] 127.0.0.1 /getsql/index.php/Home/Index/pullfield.html
INFO: [ app_init ] --START--
INFO: Run Behavior\BuildLiteBehavior [ RunTime:0.000000s ]
INFO: [ app_init ] --END-- [ RunTime:0.000000s ]
INFO: [ app_begin ] --START--
INFO: Run Behavior\ReadHtmlCacheBehavior [ RunTime:0.015625s ]
INFO: [ app_begin ] --END-- [ RunTime:0.015625s ]
SQL: SELECT * FROM `field` WHERE `id` = 1 LIMIT 1   [ RunTime:0.0000s ]

