[ 2016-06-24T11:52:18+08:00 ] 127.0.0.1 /getsql/
INFO: [ app_init ] --START--
INFO: Run Behavior\BuildLiteBehavior [ RunTime:0.000000s ]
INFO: [ app_init ] --END-- [ RunTime:0.000000s ]
INFO: [ app_begin ] --START--
INFO: Run Behavior\ReadHtmlCacheBehavior [ RunTime:0.000000s ]
INFO: [ app_begin ] --END-- [ RunTime:0.000000s ]
SQL: SELECT * FROM `datatype`  [ RunTime:0.0156s ]
SQL: SELECT * FROM `apply`  [ RunTime:0.0313s ]
SQL: SELECT * FROM `table`  [ RunTime:0.0313s ]
SQL: SELECT * FROM `field` WHERE `table_id` = 1  [ RunTime:0.0313s ]
SQL: SELECT `data_name` FROM `datatype` WHERE `id` = 1 LIMIT 1   [ RunTime:0.0000s ]
SQL: SELECT `data_name` FROM `datatype` WHERE `id` = 2 LIMIT 1   [ RunTime:0.0000s ]
SQL: SELECT `data_name` FROM `datatype` WHERE `id` = 1 LIMIT 1   [ RunTime:0.0000s ]
SQL: SELECT `data_name` FROM `datatype` WHERE `id` = 1 LIMIT 1   [ RunTime:0.0000s ]
SQL: SELECT `data_name` FROM `datatype` WHERE `id` = 1 LIMIT 1   [ RunTime:0.0000s ]
SQL: SELECT `data_name` FROM `datatype` WHERE `id` = 1 LIMIT 1   [ RunTime:0.0000s ]
SQL: SELECT `data_name` FROM `datatype` WHERE `id` = 10 LIMIT 1   [ RunTime:0.0000s ]
SQL: SELECT * FROM `field` WHERE `table_id` = 23  [ RunTime:0.0000s ]
SQL: SELECT * FROM `field` WHERE `table_id` = 22  [ RunTime:0.0000s ]
SQL: SELECT `data_name` FROM `datatype` WHERE `id` = 2 LIMIT 1   [ RunTime:0.0000s ]
SQL: SELECT `data_name` FROM `datatype` WHERE `id` = 2 LIMIT 1   [ RunTime:0.0000s ]
SQL: SELECT `data_name` FROM `datatype` WHERE `id` = 9 LIMIT 1   [ RunTime:0.0000s ]
SQL: SELECT `data_name` FROM `datatype` WHERE `id` = 1 LIMIT 1   [ RunTime:0.0000s ]
INFO: [ view_parse ] --START--
INFO: [ template_filter ] --START--
INFO: Run Behavior\ContentReplaceBehavior [ RunTime:0.000000s ]
INFO: [ template_filter ] --END-- [ RunTime:0.000000s ]
INFO: Run Behavior\ParseTemplateBehavior [ RunTime:0.093750s ]
INFO: [ view_parse ] --END-- [ RunTime:0.093750s ]
INFO: [ view_filter ] --START--
INFO: Run Behavior\WriteHtmlCacheBehavior [ RunTime:0.000000s ]
INFO: [ view_filter ] --END-- [ RunTime:0.000000s ]
INFO: [ app_end ] --START--
INFO: Run Behavior\ShowPageTraceBehavior [ RunTime:0.000000s ]
INFO: [ app_end ] --END-- [ RunTime:0.000000s ]

[ 2016-06-24T12:47:05+08:00 ] 127.0.0.1 /getsql/
INFO: [ app_init ] --START--
INFO: Run Behavior\BuildLiteBehavior [ RunTime:0.000000s ]
INFO: [ app_init ] --END-- [ RunTime:0.000000s ]
INFO: [ app_begin ] --START--
INFO: Run Behavior\ReadHtmlCacheBehavior [ RunTime:0.000000s ]
INFO: [ app_begin ] --END-- [ RunTime:0.000000s ]
SQL: SELECT * FROM `datatype`  [ RunTime:0.0000s ]
SQL: SELECT * FROM `apply`  [ RunTime:0.0000s ]
SQL: SELECT * FROM `table`  [ RunTime:0.0000s ]
SQL: SELECT * FROM `field` WHERE `table_id` = 1  [ RunTime:0.0000s ]
SQL: SELECT `data_name` FROM `datatype` WHERE `id` = 1 LIMIT 1   [ RunTime:0.0000s ]
SQL: SELECT `data_name` FROM `datatype` WHERE `id` = 2 LIMIT 1   [ RunTime:0.0000s ]
SQL: SELECT `data_name` FROM `datatype` WHERE `id` = 1 LIMIT 1   [ RunTime:0.0000s ]
SQL: SELECT `data_name` FROM `datatype` WHERE `id` = 1 LIMIT 1   [ RunTime:0.0000s ]
SQL: SELECT `data_name` FROM `datatype` WHERE `id` = 1 LIMIT 1   [ RunTime:0.0000s ]
SQL: SELECT `data_name` FROM `datatype` WHERE `id` = 1 LIMIT 1   [ RunTime:0.0000s ]
SQL: SELECT `data_name` FROM `datatype` WHERE `id` = 10 LIMIT 1   [ RunTime:0.0000s ]
SQL: SELECT * FROM `field` WHERE `table_id` = 23  [ RunTime:0.0000s ]
SQL: SELECT * FROM `field` WHERE `table_id` = 22  [ RunTime:0.0000s ]
SQL: SELECT `data_name` FROM `datatype` WHERE `id` = 2 LIMIT 1   [ RunTime:0.0000s ]
SQL: SELECT `data_name` FROM `datatype` WHERE `id` = 2 LIMIT 1   [ RunTime:0.0000s ]
SQL: SELECT `data_name` FROM `datatype` WHERE `id` = 9 LIMIT 1   [ RunTime:0.0000s ]
SQL: SELECT `data_name` FROM `datatype` WHERE `id` = 1 LIMIT 1   [ RunTime:0.0000s ]
INFO: [ view_parse ] --START--
INFO: [ template_filter ] --START--
INFO: Run Behavior\ContentReplaceBehavior [ RunTime:0.000000s ]
INFO: [ template_filter ] --END-- [ RunTime:0.000000s ]
INFO: Run Behavior\ParseTemplateBehavior [ RunTime:0.031250s ]
INFO: [ view_parse ] --END-- [ RunTime:0.031250s ]
INFO: [ view_filter ] --START--
INFO: Run Behavior\WriteHtmlCacheBehavior [ RunTime:0.000000s ]
INFO: [ view_filter ] --END-- [ RunTime:0.000000s ]
INFO: [ app_end ] --START--
INFO: Run Behavior\ShowPageTraceBehavior [ RunTime:0.000000s ]
INFO: [ app_end ] --END-- [ RunTime:0.000000s ]

